#
# A fatal error has been detected by the Java Runtime Environment:
#
#  SIGSEGV (0xb) at pc=0x00007f924750bff6, pid=9905, tid=17875
#
# JRE version: OpenJDK Runtime Environment (11.0.3+12) (build 11.0.3+12-b304.39)
# Java VM: OpenJDK 64-Bit Server VM (11.0.3+12-b304.39, mixed mode, tiered, compressed oops, concurrent mark sweep gc, linux-amd64)
# Problematic frame:
# C  [libc.so.6+0x42ff6]
#
# Core dump will be written. Default location: Core dumps may be processed with "/usr/share/apport/apport %p %s %c %d %P" (or dumping to /home/floris/core.9905)
#
# If you would like to submit a bug report, please visit:
#   http://bugreport.java.com/bugreport/crash.jsp
# The crash happened outside the Java Virtual Machine in native code.
# See problematic frame for where to report the bug.
#

---------------  S U M M A R Y ------------

Command Line: -Xms128m -Xmx2048m -XX:ReservedCodeCacheSize=240m -XX:+UseConcMarkSweepGC -XX:SoftRefLRUPolicyMSPerMB=50 -ea -XX:CICompilerCount=2 -Dsun.io.useCanonPrefixCache=false -Djava.net.preferIPv4Stack=true -Djdk.http.auth.tunneling.disabledSchemes="" -XX:+HeapDumpOnOutOfMemoryError -XX:-OmitStackTraceInFastThrow -Djdk.attach.allowAttachSelf -Dkotlinx.coroutines.debug=off -Dawt.useSystemAAFontSettings=lcd -Dsun.java2d.renderer=sun.java2d.marlin.MarlinRenderingEngine -Dsun.tools.attach.tmp.only=true -XX:ErrorFile=/home/floris/java_error_in_PYCHARM_%p.log -XX:HeapDumpPath=/home/floris/java_error_in_PYCHARM.hprof -Didea.paths.selector=PyCharmCE2019.2 -Djb.vmOptionsFile=/home/floris/.PyCharmCE2019.2/config/pycharm64.vmoptions -Didea.platform.prefix=PyCharmCore com.intellij.idea.Main

Host: 